<?xml version="1.0" encoding="UTF-8"?>
<!-- Generated by org.testng.reporters.JUnitReportReporter -->
<testsuite hostname="HP-ARIFINTAHU" failures="0" tests="4" name="qaautomation.may2022.APITestAfterRefactor" time="18.339" errors="0" timestamp="09 Jun 2022 03:48:29 GMT" skipped="0">
  <testcase classname="qaautomation.may2022.APITestAfterRefactor" name="dashboardAPI" time="5.754"/>
  <testcase classname="qaautomation.may2022.APITestAfterRefactor" name="userAPI" time="5.216"/>
  <testcase classname="qaautomation.may2022.APITestAfterRefactor" name="fakerTest" time="2.691"/>
  <testcase classname="qaautomation.may2022.APITestAfterRefactor" name="configAPI" time="4.678"/>
</testsuite> <!-- qaautomation.may2022.APITestAfterRefactor -->
