<?xml version="1.0" encoding="UTF-8"?>
<!-- Generated by org.testng.reporters.JUnitReportReporter -->
<testsuite hostname="HP-ARIFINTAHU" failures="0" tests="4" name="qaautomation.may2022.APITestAfterRefactor2" time="15.644" errors="0" timestamp="02 Jun 2022 08:36:30 GMT" skipped="0">
  <testcase classname="qaautomation.may2022.APITestAfterRefactor2" name="dashboardAPI" time="3.881"/>
  <testcase classname="qaautomation.may2022.APITestAfterRefactor2" name="userAPI" time="3.811"/>
  <testcase classname="qaautomation.may2022.APITestAfterRefactor2" name="configAPI" time="4.177"/>
  <testcase classname="qaautomation.may2022.APITestAfterRefactor2" name="fakerTest" time="3.775"/>
</testsuite> <!-- qaautomation.may2022.APITestAfterRefactor2 -->
