<?xml version="1.0" encoding="UTF-8"?>
<!-- Generated by org.testng.reporters.JUnitReportReporter -->
<testsuite hostname="HP-ARIFINTAHU" failures="0" tests="4" name="qaautomation.may2022.WebTestAfterRefactor" time="81.519" errors="0" timestamp="22 May 2022 06:55:11 GMT" skipped="0">
  <testcase classname="qaautomation.may2022.WebTestAfterRefactor" name="testLoginFailedWrongPassword" time="19.386"/>
  <testcase classname="qaautomation.may2022.WebTestAfterRefactor" name="testLogin" time="19.514"/>
  <testcase classname="qaautomation.may2022.WebTestAfterRefactor" name="testLoginFailedWrongUsernameandPassword" time="20.628"/>
  <testcase classname="qaautomation.may2022.WebTestAfterRefactor" name="testLoginFailedWrongUsername" time="21.991"/>
</testsuite> <!-- qaautomation.may2022.WebTestAfterRefactor -->
