<?xml version="1.0" encoding="UTF-8"?>
<!-- Generated by org.testng.reporters.JUnitReportReporter -->
<testsuite hostname="HP-ARIFINTAHU" failures="0" tests="4" name="qaautomation.may2022.WebTestAfterPOM" time="36.799" errors="0" timestamp="09 Jun 2022 02:44:42 GMT" skipped="0">
  <testcase classname="qaautomation.may2022.WebTestAfterPOM" name="testLoginFailedWrongPassword" time="8.617"/>
  <testcase classname="qaautomation.may2022.WebTestAfterPOM" name="testLoginFailedWrongUsernameandPassword" time="6.829"/>
  <testcase classname="qaautomation.may2022.WebTestAfterPOM" name="testLogin" time="13.450"/>
  <testcase classname="qaautomation.may2022.WebTestAfterPOM" name="testLoginFailedWrongUsername" time="7.903"/>
</testsuite> <!-- qaautomation.may2022.WebTestAfterPOM -->
