<?xml version="1.0" encoding="UTF-8"?>
<!-- Generated by org.testng.reporters.JUnitReportReporter -->
<testsuite hostname="HP-ARIFINTAHU" failures="0" tests="1" name="qaautomation.may2022.CommonTest" time="18.899" errors="0" timestamp="09 Jun 2022 02:30:15 GMT" skipped="0">
  <testcase classname="qaautomation.may2022.CommonTest" name="testSwitching" time="18.899"/>
</testsuite> <!-- qaautomation.may2022.CommonTest -->
