<?xml version="1.0" encoding="UTF-8"?>
<!-- Generated by org.testng.reporters.JUnitReportReporter -->
<testsuite hostname="HP-ARIFINTAHU" failures="0" tests="4" name="qaautomation.may2022.WebTest" time="47.676" errors="0" timestamp="26 May 2022 13:31:40 GMT" skipped="0">
  <testcase classname="qaautomation.may2022.WebTest" name="testLoginFailedWrongPassword" time="10.597"/>
  <testcase classname="qaautomation.may2022.WebTest" name="testLoginFailedWrongUsernameandPassword" time="13.060"/>
  <testcase classname="qaautomation.may2022.WebTest" name="testLogin" time="11.201"/>
  <testcase classname="qaautomation.may2022.WebTest" name="testLoginFailedWrongUsername" time="12.818"/>
</testsuite> <!-- qaautomation.may2022.WebTest -->
