<?xml version="1.0" encoding="UTF-8"?>
<!-- Generated by org.testng.reporters.JUnitReportReporter -->
<testsuite hostname="HP-ARIFINTAHU" failures="0" tests="1" name="qaautomation.may2022.AppTest" time="0.078" errors="0" timestamp="25 May 2022 23:32:25 GMT" skipped="0">
  <testcase classname="qaautomation.may2022.AppTest" name="shouldAnswerWithTrue" time="0.078"/>
</testsuite> <!-- qaautomation.may2022.AppTest -->
