<?xml version="1.0" encoding="UTF-8"?>
<!-- Generated by org.testng.reporters.JUnitReportReporter -->
<testsuite hostname="HP-ARIFINTAHU" failures="0" tests="2" name="qaautomation.may2022.GraphQLTest" time="4.064" errors="0" timestamp="02 Jun 2022 22:33:26 GMT" skipped="0">
  <testcase classname="qaautomation.may2022.GraphQLTest" name="checkCEO" time="2.464"/>
  <testcase classname="qaautomation.may2022.GraphQLTest" name="getLaunchesWithVariable" time="1.600"/>
</testsuite> <!-- qaautomation.may2022.GraphQLTest -->
