<?xml version="1.0" encoding="UTF-8"?>
<!-- Generated by org.testng.reporters.JUnitReportReporter -->
<testsuite hostname="HP-ARIFINTAHU" failures="0" tests="2" name="qaautomation.may2022.WebTestAfterPageFactory" time="14.367" errors="0" timestamp="09 Jun 2022 01:55:47 GMT" skipped="0">
  <testcase classname="qaautomation.may2022.WebTestAfterPageFactory" name="testProfile" time="7.958"/>
  <testcase classname="qaautomation.may2022.WebTestAfterPageFactory" name="testLogin" time="6.409"/>
</testsuite> <!-- qaautomation.may2022.WebTestAfterPageFactory -->
