<?xml version="1.0" encoding="UTF-8"?>
<!-- Generated by org.testng.reporters.JUnitReportReporter -->
<testsuite hostname="HP-ARIFINTAHU" failures="0" tests="4" name="qaautomation.may2022.APITestAfterRefactor" time="15.515" errors="0" timestamp="09 Jun 2022 03:11:15 GMT" skipped="0">
  <testcase classname="qaautomation.may2022.APITestAfterRefactor" name="fakerTest" time="2.144"/>
  <testcase classname="qaautomation.may2022.APITestAfterRefactor" name="dashboardAPI" time="4.534"/>
  <testcase classname="qaautomation.may2022.APITestAfterRefactor" name="userAPI" time="5.084"/>
  <testcase classname="qaautomation.may2022.APITestAfterRefactor" name="configAPI" time="3.753"/>
</testsuite> <!-- qaautomation.may2022.APITestAfterRefactor -->
