<?xml version="1.0" encoding="UTF-8"?>
<!-- Generated by org.testng.reporters.JUnitReportReporter -->
<testsuite hostname="HP-ARIFINTAHU" failures="0" tests="2" name="qaautomation.may2022.GraphQLTest" time="5.915" errors="0" timestamp="09 Jun 2022 03:11:15 GMT" skipped="0">
  <testcase classname="qaautomation.may2022.GraphQLTest" name="getLaunchesWithVariable" time="2.179"/>
  <testcase classname="qaautomation.may2022.GraphQLTest" name="checkCEO" time="3.736"/>
</testsuite> <!-- qaautomation.may2022.GraphQLTest -->
